
========================================
📊 数据同步报告 | 2026-01-30 20:00:03
✅ 状态反馈: 分页抓取同步完成
🆕 本次新增记录: 60 条
📈 数据库总条数: 60 条
========================================

========================================
📊 数据同步报告 | 2026-01-30 20:03:24
✅ 状态反馈: 全自动分页抓取完成
🆕 本次新增记录: 181 条
📈 数据库总条数: 241 条
========================================

========================================
📊 数据同步报告 | 2026-01-30 21:54:24
✅ 状态反馈: 全自动分页同步完成
🆕 本次新增记录: 1 条
📈 数据库总条数: 241 条
========================================

========================================
📊 数据同步报告 | 2026-01-30 22:42:22
✅ 状态反馈: 全自动分页同步完成
🆕 本次新增记录: 0 条
📈 数据库总条数: 241 条
========================================

========================================
📊 数据同步报告 | 2026-01-31 21:01:06
✅ 状态反馈: 全自动分页同步完成
🆕 本次新增记录: 0 条
📈 数据库总条数: 241 条
========================================

========================================
📊 数据同步报告 | 2026-01-31 21:39:21
✅ 状态反馈: 全自动分页同步完成
🆕 本次新增记录: 0 条
📈 数据库总条数: 241 条
========================================

========================================
📊 数据同步报告 | 2026-02-01 21:01:07
✅ 状态反馈: 全自动分页同步完成
🆕 本次新增记录: 0 条
📈 数据库总条数: 241 条
========================================

========================================
📊 数据同步报告 | 2026-02-01 21:41:02
✅ 状态反馈: 全自动分页同步完成
🆕 本次新增记录: 0 条
📈 数据库总条数: 241 条
========================================

========================================
📊 数据同步报告 | 2026-02-02 21:01:05
✅ 状态反馈: 全自动分页同步完成
🆕 本次新增记录: 1 条
📈 数据库总条数: 242 条
========================================

========================================
📊 数据同步报告 | 2026-02-02 22:00:59
✅ 状态反馈: 全自动分页同步完成
🆕 本次新增记录: 0 条
📈 数据库总条数: 242 条
========================================

========================================
📊 数据同步报告 | 2026-02-03 21:01:06
✅ 状态反馈: 全自动分页同步完成
🆕 本次新增记录: 1 条
📈 数据库总条数: 243 条
========================================

========================================
📊 数据同步报告 | 2026-02-03 22:03:20
✅ 状态反馈: 全自动分页同步完成
🆕 本次新增记录: 0 条
📈 数据库总条数: 243 条
========================================

========================================
📊 数据同步报告 | 2026-02-04 21:01:15
✅ 状态反馈: 全自动分页同步完成
🆕 本次新增记录: 1 条
📈 数据库总条数: 244 条
========================================

========================================
📊 数据同步报告 | 2026-02-04 22:01:38
✅ 状态反馈: 全自动分页同步完成
🆕 本次新增记录: 0 条
📈 数据库总条数: 244 条
========================================

========================================
📊 数据同步报告 | 2026-02-05 21:01:03
✅ 状态反馈: 全自动分页同步完成
🆕 本次新增记录: 1 条
📈 数据库总条数: 245 条
========================================

========================================
📊 数据同步报告 | 2026-02-05 22:04:45
✅ 状态反馈: 全自动分页同步完成
🆕 本次新增记录: 0 条
📈 数据库总条数: 245 条
========================================

========================================
📊 数据同步报告 | 2026-02-06 21:01:03
✅ 状态反馈: 全自动分页同步完成
🆕 本次新增记录: 1 条
📈 数据库总条数: 246 条
========================================

========================================
📊 数据同步报告 | 2026-02-06 22:00:54
✅ 状态反馈: 全自动分页同步完成
🆕 本次新增记录: 0 条
📈 数据库总条数: 246 条
========================================

========================================
📊 数据同步报告 | 2026-02-07 21:01:22
✅ 状态反馈: 全自动分页同步完成
🆕 本次新增记录: 0 条
📈 数据库总条数: 246 条
========================================

========================================
📊 数据同步报告 | 2026-02-07 21:41:46
✅ 状态反馈: 全自动分页同步完成
🆕 本次新增记录: 0 条
📈 数据库总条数: 246 条
========================================

========================================
📊 数据同步报告 | 2026-02-08 21:01:02
✅ 状态反馈: 全自动分页同步完成
🆕 本次新增记录: 0 条
📈 数据库总条数: 246 条
========================================

========================================
📊 数据同步报告 | 2026-02-08 21:42:32
✅ 状态反馈: 全自动分页同步完成
🆕 本次新增记录: 0 条
📈 数据库总条数: 246 条
========================================
